c:\users\victo\iciilyapleinsdeterminal\platformercourse920\build\platformer.dir\debug\vc142.pdb
c:\users\victo\iciilyapleinsdeterminal\platformercourse920\build\platformer.dir\debug\player_character.obj
c:\users\victo\iciilyapleinsdeterminal\platformercourse920\build\platformer.dir\debug\main.obj
c:\users\victo\iciilyapleinsdeterminal\platformercourse920\build\platformer.dir\debug\game.obj
c:\users\victo\iciilyapleinsdeterminal\platformercourse920\build\platformer.dir\debug\platform.obj
c:\users\victo\iciilyapleinsdeterminal\platformercourse920\build\platformer.dir\debug\endrobot.obj
c:\users\victo\iciilyapleinsdeterminal\platformercourse920\build\platformer.dir\debug\contact_listener.obj
c:\users\victo\iciilyapleinsdeterminal\platformercourse920\build\cmakefiles\generate.stamp
c:\users\victo\iciilyapleinsdeterminal\platformercourse920\build\debug\platformer.exe
c:\users\victo\iciilyapleinsdeterminal\platformercourse920\build\debug\platformer.ilk
c:\users\victo\iciilyapleinsdeterminal\platformercourse920\build\debug\platformer.pdb
c:\users\victo\iciilyapleinsdeterminal\platformercourse920\build\platformer.dir\debug\platformer.tlog\cl.command.1.tlog
c:\users\victo\iciilyapleinsdeterminal\platformercourse920\build\platformer.dir\debug\platformer.tlog\cl.read.1.tlog
c:\users\victo\iciilyapleinsdeterminal\platformercourse920\build\platformer.dir\debug\platformer.tlog\cl.write.1.tlog
c:\users\victo\iciilyapleinsdeterminal\platformercourse920\build\platformer.dir\debug\platformer.tlog\custombuild.command.1.tlog
c:\users\victo\iciilyapleinsdeterminal\platformercourse920\build\platformer.dir\debug\platformer.tlog\custombuild.read.1.tlog
c:\users\victo\iciilyapleinsdeterminal\platformercourse920\build\platformer.dir\debug\platformer.tlog\custombuild.write.1.tlog
c:\users\victo\iciilyapleinsdeterminal\platformercourse920\build\platformer.dir\debug\platformer.tlog\link.command.1.tlog
c:\users\victo\iciilyapleinsdeterminal\platformercourse920\build\platformer.dir\debug\platformer.tlog\link.read.1.tlog
c:\users\victo\iciilyapleinsdeterminal\platformercourse920\build\platformer.dir\debug\platformer.tlog\link.write.1.tlog
