  Generating data/sound/Final_Music.ogg
  Generating data/sound/Jump_Sound.wav
  Generating data/sound/Music_robot.ogg
  Generating data/sprites/Endrobot.png
  Generating data/sprites/background.png
  Generating data/sprites/hero/jump/sprite_jump03.png
  Generating data/sprites/hero/jump/sprite_jump04.png
  Generating data/sprites/hero/move/hero1.png
  Generating data/sprites/hero/move/hero2.png
  Generating data/sprites/hero/move/hero3.png
  Generating data/sprites/hero/still/sprite_idle.png
  Generating data/sprites/platform.jpg
  Generating data/sprites/platform.png
  Generating data/sprites/platform1.png
  Generating data/sprites/wall.jpg
C:\Program Files (x86)\Microsoft Visual Studio\2019\Community\MSBuild\Microsoft\VC\v160\Microsoft.CppCommon.targets(234,5): warning MSB8064: la build personnalisée pour l'élément "C:\Users\victo\iciilyapleinsdeterminal\Platformer920\build\CMakeFiles\d746cb37bd88ce8f85813002e6693523\Final_Music.ogg.rule" est réussie, mais la dépendance spécifiée "c:\users\victo\iciilyapleinsdeterminal\platformer920\build\cmakefiles\d746cb37bd88ce8f85813002e6693523\final_music.ogg.rule" n'existe pas. Cela peut entraîner un fonctionnement incorrect de la build incrémentielle.
C:\Program Files (x86)\Microsoft Visual Studio\2019\Community\MSBuild\Microsoft\VC\v160\Microsoft.CppCommon.targets(234,5): warning MSB8064: la build personnalisée pour l'élément "C:\Users\victo\iciilyapleinsdeterminal\Platformer920\build\CMakeFiles\d746cb37bd88ce8f85813002e6693523\Jump_Sound.wav.rule" est réussie, mais la dépendance spécifiée "c:\users\victo\iciilyapleinsdeterminal\platformer920\build\cmakefiles\d746cb37bd88ce8f85813002e6693523\jump_sound.wav.rule" n'existe pas. Cela peut entraîner un fonctionnement incorrect de la build incrémentielle.
C:\Program Files (x86)\Microsoft Visual Studio\2019\Community\MSBuild\Microsoft\VC\v160\Microsoft.CppCommon.targets(234,5): warning MSB8064: la build personnalisée pour l'élément "C:\Users\victo\iciilyapleinsdeterminal\Platformer920\build\CMakeFiles\d746cb37bd88ce8f85813002e6693523\Music_robot.ogg.rule" est réussie, mais la dépendance spécifiée "c:\users\victo\iciilyapleinsdeterminal\platformer920\build\cmakefiles\d746cb37bd88ce8f85813002e6693523\music_robot.ogg.rule" n'existe pas. Cela peut entraîner un fonctionnement incorrect de la build incrémentielle.
C:\Program Files (x86)\Microsoft Visual Studio\2019\Community\MSBuild\Microsoft\VC\v160\Microsoft.CppCommon.targets(234,5): warning MSB8064: la build personnalisée pour l'élément "C:\Users\victo\iciilyapleinsdeterminal\Platformer920\build\CMakeFiles\ec5054b410d06bca4c886596d26fbed1\Endrobot.png.rule" est réussie, mais la dépendance spécifiée "c:\users\victo\iciilyapleinsdeterminal\platformer920\build\cmakefiles\ec5054b410d06bca4c886596d26fbed1\endrobot.png.rule" n'existe pas. Cela peut entraîner un fonctionnement incorrect de la build incrémentielle.
C:\Program Files (x86)\Microsoft Visual Studio\2019\Community\MSBuild\Microsoft\VC\v160\Microsoft.CppCommon.targets(234,5): warning MSB8064: la build personnalisée pour l'élément "C:\Users\victo\iciilyapleinsdeterminal\Platformer920\build\CMakeFiles\ec5054b410d06bca4c886596d26fbed1\background.png.rule" est réussie, mais la dépendance spécifiée "c:\users\victo\iciilyapleinsdeterminal\platformer920\build\cmakefiles\ec5054b410d06bca4c886596d26fbed1\background.png.rule" n'existe pas. Cela peut entraîner un fonctionnement incorrect de la build incrémentielle.
C:\Program Files (x86)\Microsoft Visual Studio\2019\Community\MSBuild\Microsoft\VC\v160\Microsoft.CppCommon.targets(234,5): warning MSB8064: la build personnalisée pour l'élément "C:\Users\victo\iciilyapleinsdeterminal\Platformer920\build\CMakeFiles\d8032f0c7178deabca563dd0c06fc103\sprite_jump03.png.rule" est réussie, mais la dépendance spécifiée "c:\users\victo\iciilyapleinsdeterminal\platformer920\build\cmakefiles\d8032f0c7178deabca563dd0c06fc103\sprite_jump03.png.rule" n'existe pas. Cela peut entraîner un fonctionnement incorrect de la build incrémentielle.
C:\Program Files (x86)\Microsoft Visual Studio\2019\Community\MSBuild\Microsoft\VC\v160\Microsoft.CppCommon.targets(234,5): warning MSB8064: la build personnalisée pour l'élément "C:\Users\victo\iciilyapleinsdeterminal\Platformer920\build\CMakeFiles\d8032f0c7178deabca563dd0c06fc103\sprite_jump04.png.rule" est réussie, mais la dépendance spécifiée "c:\users\victo\iciilyapleinsdeterminal\platformer920\build\cmakefiles\d8032f0c7178deabca563dd0c06fc103\sprite_jump04.png.rule" n'existe pas. Cela peut entraîner un fonctionnement incorrect de la build incrémentielle.
C:\Program Files (x86)\Microsoft Visual Studio\2019\Community\MSBuild\Microsoft\VC\v160\Microsoft.CppCommon.targets(234,5): warning MSB8064: la build personnalisée pour l'élément "C:\Users\victo\iciilyapleinsdeterminal\Platformer920\build\CMakeFiles\cb61ed7b5e8ffdfc026f2429a8511b2a\hero1.png.rule" est réussie, mais la dépendance spécifiée "c:\users\victo\iciilyapleinsdeterminal\platformer920\build\cmakefiles\cb61ed7b5e8ffdfc026f2429a8511b2a\hero1.png.rule" n'existe pas. Cela peut entraîner un fonctionnement incorrect de la build incrémentielle.
C:\Program Files (x86)\Microsoft Visual Studio\2019\Community\MSBuild\Microsoft\VC\v160\Microsoft.CppCommon.targets(234,5): warning MSB8064: la build personnalisée pour l'élément "C:\Users\victo\iciilyapleinsdeterminal\Platformer920\build\CMakeFiles\cb61ed7b5e8ffdfc026f2429a8511b2a\hero2.png.rule" est réussie, mais la dépendance spécifiée "c:\users\victo\iciilyapleinsdeterminal\platformer920\build\cmakefiles\cb61ed7b5e8ffdfc026f2429a8511b2a\hero2.png.rule" n'existe pas. Cela peut entraîner un fonctionnement incorrect de la build incrémentielle.
C:\Program Files (x86)\Microsoft Visual Studio\2019\Community\MSBuild\Microsoft\VC\v160\Microsoft.CppCommon.targets(234,5): warning MSB8064: la build personnalisée pour l'élément "C:\Users\victo\iciilyapleinsdeterminal\Platformer920\build\CMakeFiles\cb61ed7b5e8ffdfc026f2429a8511b2a\hero3.png.rule" est réussie, mais la dépendance spécifiée "c:\users\victo\iciilyapleinsdeterminal\platformer920\build\cmakefiles\cb61ed7b5e8ffdfc026f2429a8511b2a\hero3.png.rule" n'existe pas. Cela peut entraîner un fonctionnement incorrect de la build incrémentielle.
C:\Program Files (x86)\Microsoft Visual Studio\2019\Community\MSBuild\Microsoft\VC\v160\Microsoft.CppCommon.targets(234,5): warning MSB8064: la build personnalisée pour l'élément "C:\Users\victo\iciilyapleinsdeterminal\Platformer920\build\CMakeFiles\3ff364d8e4ff9bc10ada4b3f4f8e0a8c\sprite_idle.png.rule" est réussie, mais la dépendance spécifiée "c:\users\victo\iciilyapleinsdeterminal\platformer920\build\cmakefiles\3ff364d8e4ff9bc10ada4b3f4f8e0a8c\sprite_idle.png.rule" n'existe pas. Cela peut entraîner un fonctionnement incorrect de la build incrémentielle.
C:\Program Files (x86)\Microsoft Visual Studio\2019\Community\MSBuild\Microsoft\VC\v160\Microsoft.CppCommon.targets(234,5): warning MSB8064: la build personnalisée pour l'élément "C:\Users\victo\iciilyapleinsdeterminal\Platformer920\build\CMakeFiles\ec5054b410d06bca4c886596d26fbed1\platform.jpg.rule" est réussie, mais la dépendance spécifiée "c:\users\victo\iciilyapleinsdeterminal\platformer920\build\cmakefiles\ec5054b410d06bca4c886596d26fbed1\platform.jpg.rule" n'existe pas. Cela peut entraîner un fonctionnement incorrect de la build incrémentielle.
C:\Program Files (x86)\Microsoft Visual Studio\2019\Community\MSBuild\Microsoft\VC\v160\Microsoft.CppCommon.targets(234,5): warning MSB8064: la build personnalisée pour l'élément "C:\Users\victo\iciilyapleinsdeterminal\Platformer920\build\CMakeFiles\ec5054b410d06bca4c886596d26fbed1\platform.png.rule" est réussie, mais la dépendance spécifiée "c:\users\victo\iciilyapleinsdeterminal\platformer920\build\cmakefiles\ec5054b410d06bca4c886596d26fbed1\platform.png.rule" n'existe pas. Cela peut entraîner un fonctionnement incorrect de la build incrémentielle.
C:\Program Files (x86)\Microsoft Visual Studio\2019\Community\MSBuild\Microsoft\VC\v160\Microsoft.CppCommon.targets(234,5): warning MSB8064: la build personnalisée pour l'élément "C:\Users\victo\iciilyapleinsdeterminal\Platformer920\build\CMakeFiles\ec5054b410d06bca4c886596d26fbed1\platform1.png.rule" est réussie, mais la dépendance spécifiée "c:\users\victo\iciilyapleinsdeterminal\platformer920\build\cmakefiles\ec5054b410d06bca4c886596d26fbed1\platform1.png.rule" n'existe pas. Cela peut entraîner un fonctionnement incorrect de la build incrémentielle.
C:\Program Files (x86)\Microsoft Visual Studio\2019\Community\MSBuild\Microsoft\VC\v160\Microsoft.CppCommon.targets(234,5): warning MSB8064: la build personnalisée pour l'élément "C:\Users\victo\iciilyapleinsdeterminal\Platformer920\build\CMakeFiles\ec5054b410d06bca4c886596d26fbed1\wall.jpg.rule" est réussie, mais la dépendance spécifiée "c:\users\victo\iciilyapleinsdeterminal\platformer920\build\cmakefiles\ec5054b410d06bca4c886596d26fbed1\wall.jpg.rule" n'existe pas. Cela peut entraîner un fonctionnement incorrect de la build incrémentielle.
  Building Custom Rule C:/Users/victo/iciilyapleinsdeterminal/Platformer920/CMakeLists.txt
  CMake is re-running because C:/Users/victo/iciilyapleinsdeterminal/Platformer920/build/CMakeFiles/generate.stamp dependency file is missing.
  -- Selecting Windows SDK version 10.0.18362.0 to target Windows 10.0.18363.
  CMake Error at CMakeLists.txt:33 (find_package):
    Could not find a package configuration file provided by "SFML" with any of
    the following names:
  
      SFMLConfig.cmake
      sfml-config.cmake
  
    Add the installation prefix of "SFML" to CMAKE_PREFIX_PATH or set
    "SFML_DIR" to a directory containing one of the above files.  If "SFML"
    provides a separate development package or SDK, be sure it has been
    installed.
  
  
  -- Configuring incomplete, errors occurred!
  See also "C:/Users/victo/iciilyapleinsdeterminal/Platformer920/build/CMakeFiles/CMakeOutput.log".
C:\Program Files (x86)\Microsoft Visual Studio\2019\Community\MSBuild\Microsoft\VC\v160\Microsoft.CppCommon.targets(234,5): error MSB6006: Arrêt de "cmd.exe" avec le code 1.
